11:11:38.057 [main] INFO  com.interestAroundYear.stepDefinitions.interestAroundYear_Regression - Navigated to the car loan calculator in emi web application
11:11:39.662 [main] INFO  com.interestAroundYear.stepDefinitions.interestAroundYear_Regression - Entered all valid input in car loan calculator
11:11:39.995 [main] INFO  com.interestAroundYear.stepDefinitions.interestAroundYear_Regression - Verified Pi chart in car loan calculator
11:11:40.307 [main] INFO  com.interestAroundYear.stepDefinitions.interestAroundYear_Regression - Verified Graph in car loan calculator
11:11:42.268 [main] INFO  com.interestAroundYear.stepDefinitions.interestAroundYear_Regression - Navigated to Home loan calculator emi web application
11:11:43.465 [main] INFO  com.interestAroundYear.stepDefinitions.interestAroundYear_Regression - Verified Graph in car loan calculator
11:11:44.251 [main] INFO  com.interestAroundYear.stepDefinitions.interestAroundYear_Regression - Navigated to the car loan calculator in emi web application
11:11:44.786 [main] INFO  com.interestAroundYear.stepDefinitions.interestAroundYear_Regression - Verified scheme section visible in car loan calculator
11:11:45.130 [main] INFO  com.interestAroundYear.stepDefinitions.interestAroundYear_Regression - Verified both Emi in advanced and Arrears button available
11:11:45.131 [main] INFO  com.interestAroundYear.stepDefinitions.interestAroundYear_Regression - **** End of all regression scenario ****
11:11:45.340 [main] INFO  com.interestAroundYear.stepDefinitions.interestAroundYear_smoke - **** Start of Smoke Scenario ****
11:11:46.054 [main] INFO  com.interestAroundYear.stepDefinitions.interestAroundYear_smoke - Navigated to car loan calculator in emi web application
11:11:46.310 [main] INFO  com.interestAroundYear.stepDefinitions.interestAroundYear_smoke - Clicked on car loan calculator emi web application
11:11:46.568 [main] INFO  com.interestAroundYear.stepDefinitions.interestAroundYear_smoke - Verified user navigated to car loan calculator
11:11:46.846 [main] INFO  com.interestAroundYear.stepDefinitions.interestAroundYear_smoke - Clicked on personal loan calculator emi web application
11:11:47.125 [main] INFO  com.interestAroundYear.stepDefinitions.interestAroundYear_smoke - Verified user navigated to personal loan calculator
11:11:47.383 [main] INFO  com.interestAroundYear.stepDefinitions.interestAroundYear_smoke - Clicked on home loan calculator emi web application
11:11:47.710 [main] INFO  com.interestAroundYear.stepDefinitions.interestAroundYear_smoke - Verified user navigated to home loan calculator
11:11:49.004 [main] INFO  com.interestAroundYear.stepDefinitions.interestAroundYear_smoke - Navigated to loan calculators in emi web application
11:11:49.379 [main] INFO  com.interestAroundYear.stepDefinitions.interestAroundYear_smoke - Clicked on emi calculator in loan calculators
11:11:49.659 [main] INFO  com.interestAroundYear.stepDefinitions.interestAroundYear_smoke - verified user navigated to emi loan calculators in emi web application
11:11:49.990 [main] INFO  com.interestAroundYear.stepDefinitions.interestAroundYear_smoke - Clicked on loan amount calculator in loan calculators
11:11:50.361 [main] INFO  com.interestAroundYear.stepDefinitions.interestAroundYear_smoke - verified user navigated to loan amount calculators in emi web application
11:11:50.695 [main] INFO  com.interestAroundYear.stepDefinitions.interestAroundYear_smoke - Clicked on tenure calculator in loan calculators
11:11:51.076 [main] INFO  com.interestAroundYear.stepDefinitions.interestAroundYear_smoke - verified user navigated to loan tenure calculators in emi web application
11:11:51.432 [main] INFO  com.interestAroundYear.stepDefinitions.interestAroundYear_smoke - Clicked on interest rate calculator in loan calculators
11:11:51.829 [main] INFO  com.interestAroundYear.stepDefinitions.interestAroundYear_smoke - verified user navigated to interest rate calculators in emi web application
11:11:53.079 [main] INFO  com.interestAroundYear.stepDefinitions.interestAroundYear_smoke - verified user navigated to car loan calculator in emi web application
11:11:53.441 [main] INFO  com.interestAroundYear.stepDefinitions.interestAroundYear_smoke - Verified Loan amount text box is working in car loan calculator
11:11:53.693 [main] INFO  com.interestAroundYear.stepDefinitions.interestAroundYear_smoke - Verified Loan interest text box is working in car loan calculator
11:11:53.950 [main] INFO  com.interestAroundYear.stepDefinitions.interestAroundYear_smoke - Verified Loan tenure text box is working in car loan calculator
11:11:54.262 [main] INFO  com.interestAroundYear.stepDefinitions.interestAroundYear_smoke - Navigated to car loan calculator in emi web application
11:11:54.692 [main] INFO  com.interestAroundYear.stepDefinitions.interestAroundYear_smoke - Entered loan amount value in car loan calculator
11:11:54.981 [main] INFO  com.interestAroundYear.stepDefinitions.interestAroundYear_smoke - Verified Loan amount slider in car loan calculator
